2025-08-29 19:47:25 [main] INFO  api.test.UserTests - ********** Creating user **********
2025-08-29 19:47:31 [main] INFO  api.test.UserTests - ********** user is created **********
2025-08-29 19:47:31 [main] INFO  api.test.UserTests - ********** Reading user info  **********
2025-08-29 19:47:32 [main] INFO  api.test.UserTests - ********** User info is displayed  **********
2025-08-29 19:47:32 [main] INFO  api.test.UserTests - ********** Updating user  **********
2025-08-29 19:47:34 [main] INFO  api.test.UserTests - ********** User updated  **********
2025-08-29 19:47:35 [main] INFO  api.test.UserTests - ********** Deleting user  **********
2025-08-29 19:50:08 [main] INFO  api.test.UserTests - ********** Creating user **********
2025-08-29 19:50:15 [main] INFO  api.test.UserTests - ********** user is created **********
2025-08-29 19:50:15 [main] INFO  api.test.UserTests - ********** Reading user info  **********
2025-08-29 19:50:16 [main] INFO  api.test.UserTests - ********** User info is displayed  **********
2025-08-29 19:50:16 [main] INFO  api.test.UserTests - ********** Updating user  **********
2025-08-29 19:50:18 [main] INFO  api.test.UserTests - ********** User updated  **********
2025-08-29 19:50:19 [main] INFO  api.test.UserTests - ********** Deleting user  **********
2025-09-01 11:11:47 [main] INFO  api.test.UserTests - ********** Creating user **********
2025-09-01 11:11:53 [main] INFO  api.test.UserTests - ********** user is created **********
2025-09-01 11:11:53 [main] INFO  api.test.UserTests - ********** Reading user info  **********
2025-09-01 11:11:55 [main] INFO  api.test.UserTests - ********** User info is displayed  **********
2025-09-01 11:11:55 [main] INFO  api.test.UserTests - ********** Updating user  **********
2025-09-01 11:11:56 [main] INFO  api.test.UserTests - ********** User updated  **********
2025-09-01 11:11:57 [main] INFO  api.test.UserTests - ********** Deleting user  **********
2025-09-01 11:11:58 [main] INFO  api.test.UserTests - ********** User deleted  **********
2025-09-01 11:53:25 [main] INFO  api.test.UserTests - ********** Creating user **********
2025-09-01 11:53:32 [main] INFO  api.test.UserTests - ********** user is created **********
2025-09-01 11:53:32 [main] INFO  api.test.UserTests - ********** Reading user info  **********
2025-09-01 11:53:33 [main] INFO  api.test.UserTests - ********** User info is displayed  **********
2025-09-01 11:53:33 [main] INFO  api.test.UserTests - ********** Updating user  **********
2025-09-01 11:53:34 [main] INFO  api.test.UserTests - ********** User updated  **********
2025-09-01 11:53:35 [main] INFO  api.test.UserTests - ********** Deleting user  **********
2025-09-01 11:53:37 [main] INFO  api.test.UserTests - ********** User deleted  **********
2025-09-01 12:12:27 [main] INFO  api.test.UserTests - ********** Creating user **********
2025-09-01 12:12:34 [main] INFO  api.test.UserTests - ********** user is created **********
2025-09-01 12:12:34 [main] INFO  api.test.UserTests - ********** Reading user info  **********
2025-09-01 12:12:36 [main] INFO  api.test.UserTests - ********** User info is displayed  **********
2025-09-01 12:12:36 [main] INFO  api.test.UserTests - ********** Updating user  **********
2025-09-01 12:12:37 [main] INFO  api.test.UserTests - ********** User updated  **********
2025-09-01 12:12:38 [main] INFO  api.test.UserTests - ********** Deleting user  **********
2025-09-01 12:12:39 [main] INFO  api.test.UserTests - ********** User deleted  **********
